{"/home/martin/Projects/QA/Selenium Webdriver/Tests/Tipddy/Navegacion (Botones).js": {"path":"/home/martin/Projects/QA/Selenium Webdriver/Tests/Tipddy/Navegacion (Botones).js","statementMap":{"0":{"start":{"line":1,"column":22},"end":{"line":1,"column":51}},"1":{"start":{"line":4,"column":2},"end":{"line":4,"column":24}},"2":{"start":{"line":5,"column":2},"end":{"line":5,"column":56}},"3":{"start":{"line":6,"column":2},"end":{"line":6,"column":95}},"4":{"start":{"line":7,"column":2},"end":{"line":7,"column":88}},"5":{"start":{"line":8,"column":2},"end":{"line":8,"column":56}},"6":{"start":{"line":9,"column":2},"end":{"line":9,"column":93}},"7":{"start":{"line":10,"column":2},"end":{"line":10,"column":86}},"8":{"start":{"line":11,"column":2},"end":{"line":11,"column":56}},"9":{"start":{"line":12,"column":2},"end":{"line":12,"column":95}},"10":{"start":{"line":13,"column":2},"end":{"line":13,"column":88}},"11":{"start":{"line":14,"column":2},"end":{"line":14,"column":56}},"12":{"start":{"line":15,"column":2},"end":{"line":15,"column":99}},"13":{"start":{"line":16,"column":2},"end":{"line":16,"column":92}},"14":{"start":{"line":17,"column":2},"end":{"line":17,"column":56}},"15":{"start":{"line":18,"column":2},"end":{"line":18,"column":103}},"16":{"start":{"line":19,"column":2},"end":{"line":19,"column":96}},"17":{"start":{"line":22,"column":0},"end":{"line":22,"column":53}}},"fnMap":{"0":{"name":"Test_Navegacion_Por_Paginas_Botones","decl":{"start":{"line":3,"column":15},"end":{"line":3,"column":50}},"loc":{"start":{"line":3,"column":64},"end":{"line":20,"column":1}},"line":3}},"branchMap":{},"s":{"0":1,"1":2,"2":2,"3":2,"4":2,"5":2,"6":2,"7":2,"8":2,"9":2,"10":2,"11":1,"12":1,"13":1,"14":1,"15":1,"16":1,"17":1},"f":{"0":2},"b":{},"_coverageSchema":"1a1c01bbd47fc00a2c39e90264f33305004495a9","hash":"5e97ba412b708c80f662ff72009382a8d1f1fa69"}
,"/home/martin/Projects/QA/Selenium Webdriver/Tests/Tipddy/Navegacion (URLs).js": {"path":"/home/martin/Projects/QA/Selenium Webdriver/Tests/Tipddy/Navegacion (URLs).js","statementMap":{"0":{"start":{"line":2,"column":2},"end":{"line":2,"column":24}},"1":{"start":{"line":3,"column":2},"end":{"line":3,"column":45}},"2":{"start":{"line":4,"column":2},"end":{"line":4,"column":43}},"3":{"start":{"line":5,"column":2},"end":{"line":5,"column":45}},"4":{"start":{"line":6,"column":2},"end":{"line":6,"column":49}},"5":{"start":{"line":7,"column":2},"end":{"line":7,"column":53}},"6":{"start":{"line":10,"column":0},"end":{"line":10,"column":50}}},"fnMap":{"0":{"name":"Test_Navegacion_Por_Paginas_URLs","decl":{"start":{"line":1,"column":15},"end":{"line":1,"column":47}},"loc":{"start":{"line":1,"column":61},"end":{"line":8,"column":1}},"line":1}},"branchMap":{},"s":{"0":2,"1":2,"2":2,"3":2,"4":2,"5":2,"6":1},"f":{"0":2},"b":{},"_coverageSchema":"1a1c01bbd47fc00a2c39e90264f33305004495a9","hash":"310f0a725c089908130ff9f1275eef36fe85addd"}
,"/home/martin/Projects/QA/Selenium Webdriver/Tests/Tipddy/Verificar Imagenes (Home).js": {"path":"/home/martin/Projects/QA/Selenium Webdriver/Tests/Tipddy/Verificar Imagenes (Home).js","statementMap":{"0":{"start":{"line":1,"column":15},"end":{"line":1,"column":32}},"1":{"start":{"line":2,"column":15},"end":{"line":2,"column":44}},"2":{"start":{"line":5,"column":2},"end":{"line":5,"column":24}},"3":{"start":{"line":6,"column":17},"end":{"line":39,"column":3}},"4":{"start":{"line":41,"column":2},"end":{"line":44,"column":3}},"5":{"start":{"line":42,"column":21},"end":{"line":42,"column":63}},"6":{"start":{"line":43,"column":4},"end":{"line":43,"column":79}},"7":{"start":{"line":47,"column":0},"end":{"line":47,"column":46}}},"fnMap":{"0":{"name":"Test_Verificar_Imagenes_Home","decl":{"start":{"line":4,"column":15},"end":{"line":4,"column":43}},"loc":{"start":{"line":4,"column":57},"end":{"line":45,"column":1}},"line":4}},"branchMap":{},"s":{"0":1,"1":1,"2":2,"3":2,"4":2,"5":64,"6":64,"7":1},"f":{"0":2},"b":{},"_coverageSchema":"1a1c01bbd47fc00a2c39e90264f33305004495a9","hash":"bb7f0198a9e20c8f023f0fc3d5f194285b659e5d"}
,"/home/martin/Projects/QA/Selenium Webdriver/Tests/Universidad Ohiggins/Iniciar Sesion (Correcto).js": {"path":"/home/martin/Projects/QA/Selenium Webdriver/Tests/Universidad Ohiggins/Iniciar Sesion (Correcto).js","statementMap":{"0":{"start":{"line":1,"column":27},"end":{"line":1,"column":56}},"1":{"start":{"line":2,"column":15},"end":{"line":2,"column":32}},"2":{"start":{"line":5,"column":2},"end":{"line":5,"column":24}},"3":{"start":{"line":6,"column":2},"end":{"line":6,"column":63}},"4":{"start":{"line":7,"column":2},"end":{"line":7,"column":69}},"5":{"start":{"line":8,"column":2},"end":{"line":8,"column":83}},"6":{"start":{"line":10,"column":18},"end":{"line":10,"column":99}},"7":{"start":{"line":11,"column":2},"end":{"line":11,"column":61}},"8":{"start":{"line":12,"column":16},"end":{"line":12,"column":39}},"9":{"start":{"line":20,"column":2},"end":{"line":20,"column":50}},"10":{"start":{"line":23,"column":0},"end":{"line":23,"column":48}}},"fnMap":{"0":{"name":"Test_Inicio_De_Sesion_Correcto","decl":{"start":{"line":4,"column":15},"end":{"line":4,"column":45}},"loc":{"start":{"line":4,"column":59},"end":{"line":21,"column":1}},"line":4}},"branchMap":{},"s":{"0":1,"1":1,"2":1,"3":1,"4":1,"5":1,"6":1,"7":1,"8":1,"9":1,"10":1},"f":{"0":1},"b":{},"_coverageSchema":"1a1c01bbd47fc00a2c39e90264f33305004495a9","hash":"06753e855c93080383a7fbd8c57c518fcfd80c08"}
,"/home/martin/Projects/QA/Selenium Webdriver/Tests/Universidad Ohiggins/Iniciar Sesion (Incorrecto).js": {"path":"/home/martin/Projects/QA/Selenium Webdriver/Tests/Universidad Ohiggins/Iniciar Sesion (Incorrecto).js","statementMap":{"0":{"start":{"line":1,"column":27},"end":{"line":1,"column":56}},"1":{"start":{"line":2,"column":15},"end":{"line":2,"column":32}},"2":{"start":{"line":3,"column":25},"end":{"line":3,"column":54}},"3":{"start":{"line":6,"column":2},"end":{"line":6,"column":24}},"4":{"start":{"line":8,"column":2},"end":{"line":11,"column":5}},"5":{"start":{"line":9,"column":4},"end":{"line":9,"column":71}},"6":{"start":{"line":10,"column":4},"end":{"line":10,"column":83}},"7":{"start":{"line":13,"column":18},"end":{"line":13,"column":99}},"8":{"start":{"line":14,"column":2},"end":{"line":14,"column":61}},"9":{"start":{"line":15,"column":16},"end":{"line":15,"column":39}},"10":{"start":{"line":16,"column":2},"end":{"line":16,"column":41}},"11":{"start":{"line":19,"column":0},"end":{"line":19,"column":50}}},"fnMap":{"0":{"name":"Test_Inicio_De_Sesion_Incorrecto","decl":{"start":{"line":5,"column":15},"end":{"line":5,"column":47}},"loc":{"start":{"line":5,"column":61},"end":{"line":17,"column":1}},"line":5},"1":{"name":"(anonymous_1)","decl":{"start":{"line":8,"column":21},"end":{"line":8,"column":22}},"loc":{"start":{"line":8,"column":33},"end":{"line":11,"column":3}},"line":8}},"branchMap":{},"s":{"0":1,"1":1,"2":1,"3":1,"4":1,"5":1,"6":1,"7":1,"8":1,"9":1,"10":1,"11":1},"f":{"0":1,"1":1},"b":{},"_coverageSchema":"1a1c01bbd47fc00a2c39e90264f33305004495a9","hash":"9ceaa01d66197bb9a6a7896e6259e9d26bb99250"}
,"/home/martin/Projects/QA/Selenium Webdriver/Tests/Universidad Ohiggins/Navegacion Por Interfaz.js": {"path":"/home/martin/Projects/QA/Selenium Webdriver/Tests/Universidad Ohiggins/Navegacion Por Interfaz.js","statementMap":{"0":{"start":{"line":1,"column":27},"end":{"line":1,"column":56}},"1":{"start":{"line":2,"column":15},"end":{"line":2,"column":32}},"2":{"start":{"line":3,"column":25},"end":{"line":3,"column":54}},"3":{"start":{"line":6,"column":2},"end":{"line":6,"column":24}},"4":{"start":{"line":8,"column":2},"end":{"line":11,"column":5}},"5":{"start":{"line":9,"column":4},"end":{"line":9,"column":71}},"6":{"start":{"line":10,"column":4},"end":{"line":10,"column":85}},"7":{"start":{"line":13,"column":18},"end":{"line":13,"column":99}},"8":{"start":{"line":14,"column":2},"end":{"line":14,"column":61}},"9":{"start":{"line":15,"column":16},"end":{"line":15,"column":39}},"10":{"start":{"line":16,"column":2},"end":{"line":16,"column":50}},"11":{"start":{"line":18,"column":2},"end":{"line":20,"column":5}},"12":{"start":{"line":19,"column":4},"end":{"line":19,"column":103}},"13":{"start":{"line":23,"column":0},"end":{"line":23,"column":46}}},"fnMap":{"0":{"name":"Test_Navegación_Por_Interfaz","decl":{"start":{"line":5,"column":15},"end":{"line":5,"column":43}},"loc":{"start":{"line":5,"column":57},"end":{"line":21,"column":1}},"line":5},"1":{"name":"(anonymous_1)","decl":{"start":{"line":8,"column":21},"end":{"line":8,"column":22}},"loc":{"start":{"line":8,"column":33},"end":{"line":11,"column":3}},"line":8},"2":{"name":"(anonymous_2)","decl":{"start":{"line":18,"column":21},"end":{"line":18,"column":22}},"loc":{"start":{"line":18,"column":33},"end":{"line":20,"column":3}},"line":18}},"branchMap":{},"s":{"0":1,"1":1,"2":1,"3":1,"4":1,"5":1,"6":1,"7":1,"8":1,"9":1,"10":1,"11":1,"12":2,"13":1},"f":{"0":1,"1":1,"2":2},"b":{},"_coverageSchema":"1a1c01bbd47fc00a2c39e90264f33305004495a9","hash":"68daddd14c865a640072174982cd34d78a5d7484"}
}
