TN:
SF:Tests/Tipddy/Navegacion (Botones).js
FN:3,Test_Navegacion_Por_Paginas_Botones
FNF:1
FNH:1
FNDA:2,Test_Navegacion_Por_Paginas_Botones
DA:1,1
DA:4,2
DA:5,2
DA:6,2
DA:7,2
DA:8,2
DA:9,2
DA:10,2
DA:11,2
DA:12,2
DA:13,2
DA:14,1
DA:15,1
DA:16,1
DA:17,1
DA:18,1
DA:19,1
DA:22,1
LF:18
LH:18
BRF:0
BRH:0
end_of_record
TN:
SF:Tests/Tipddy/Navegacion (URLs).js
FN:1,Test_Navegacion_Por_Paginas_URLs
FNF:1
FNH:1
FNDA:2,Test_Navegacion_Por_Paginas_URLs
DA:2,2
DA:3,2
DA:4,2
DA:5,2
DA:6,2
DA:7,2
DA:10,1
LF:7
LH:7
BRF:0
BRH:0
end_of_record
TN:
SF:Tests/Tipddy/Verificar Imagenes (Home).js
FN:4,Test_Verificar_Imagenes_Home
FNF:1
FNH:1
FNDA:2,Test_Verificar_Imagenes_Home
DA:1,1
DA:2,1
DA:5,2
DA:6,2
DA:41,2
DA:42,64
DA:43,64
DA:47,1
LF:8
LH:8
BRF:0
BRH:0
end_of_record
TN:
SF:Tests/Universidad Ohiggins/Iniciar Sesion (Correcto).js
FN:4,Test_Inicio_De_Sesion_Correcto
FNF:1
FNH:1
FNDA:1,Test_Inicio_De_Sesion_Correcto
DA:1,1
DA:2,1
DA:5,1
DA:6,1
DA:7,1
DA:8,1
DA:10,1
DA:11,1
DA:12,1
DA:20,1
DA:23,1
LF:11
LH:11
BRF:0
BRH:0
end_of_record
TN:
SF:Tests/Universidad Ohiggins/Iniciar Sesion (Incorrecto).js
FN:5,Test_Inicio_De_Sesion_Incorrecto
FN:8,(anonymous_1)
FNF:2
FNH:2
FNDA:1,Test_Inicio_De_Sesion_Incorrecto
FNDA:1,(anonymous_1)
DA:1,1
DA:2,1
DA:3,1
DA:6,1
DA:8,1
DA:9,1
DA:10,1
DA:13,1
DA:14,1
DA:15,1
DA:16,1
DA:19,1
LF:12
LH:12
BRF:0
BRH:0
end_of_record
TN:
SF:Tests/Universidad Ohiggins/Navegacion Por Interfaz.js
FN:5,Test_Navegación_Por_Interfaz
FN:8,(anonymous_1)
FN:18,(anonymous_2)
FNF:3
FNH:3
FNDA:1,Test_Navegación_Por_Interfaz
FNDA:1,(anonymous_1)
FNDA:2,(anonymous_2)
DA:1,1
DA:2,1
DA:3,1
DA:6,1
DA:8,1
DA:9,1
DA:10,1
DA:13,1
DA:14,1
DA:15,1
DA:16,1
DA:18,1
DA:19,2
DA:23,1
LF:14
LH:14
BRF:0
BRH:0
end_of_record
